[INFO ] 2022-11-20 20:42:58.795 [main] TCAll_RestApi - ********** Started Test For Post Method ****************
[INFO ] 2022-11-20 20:43:09.915 [main] TCAll_RestApi - ** Checking Post Response Body **
[INFO ] 2022-11-20 20:43:09.973 [main] TCAll_RestApi - ** Checking Post Response Time **
[INFO ] 2022-11-20 20:43:09.977 [main] TCAll_RestApi - ** Checking Post Status Code **
[INFO ] 2022-11-20 20:43:09.978 [main] TCAll_RestApi - ** Checking Post Status Line **
[INFO ] 2022-11-20 20:43:09.979 [main] TCAll_RestApi - ** Checking Post Content Type **
[INFO ] 2022-11-20 20:43:09.980 [main] TCAll_RestApi - ** Checking Post Server **
[INFO ] 2022-11-20 20:43:09.982 [main] TCAll_RestApi - ** Checking Post access-control-allow-origin **
[INFO ] 2022-11-20 20:43:10.006 [main] TCAll_RestApi - ********** Started Test For Get Single Record Method ****************
[INFO ] 2022-11-20 20:43:16.589 [main] TCAll_RestApi - ** Checking Get Response Body **
[INFO ] 2022-11-20 20:43:16.592 [main] TCAll_RestApi - ** Checking Get Response Time **
[INFO ] 2022-11-20 20:43:16.601 [main] TCAll_RestApi - ** Checking Get Status Code **
[INFO ] 2022-11-20 20:43:16.604 [main] TCAll_RestApi - ** Checking Get Status Line **
[INFO ] 2022-11-20 20:43:16.608 [main] TCAll_RestApi - ** Checking Get Content Type **
[INFO ] 2022-11-20 20:43:16.609 [main] TCAll_RestApi - ** Checking Get Server **
[INFO ] 2022-11-20 20:43:16.621 [main] TCAll_RestApi - ********** Started Test For Delete Method ****************
[INFO ] 2022-11-20 20:43:22.559 [main] TCAll_RestApi - ** Checking Delete Response Body **
[INFO ] 2022-11-20 20:43:22.579 [main] TCAll_RestApi - ** Checking Delete Response Time **
[INFO ] 2022-11-20 20:43:22.579 [main] TCAll_RestApi - ** Checking Delete Status Code **
[INFO ] 2022-11-20 20:43:22.579 [main] TCAll_RestApi - ** Checking Delete Status Line **
[INFO ] 2022-11-20 20:43:22.580 [main] TCAll_RestApi - ** Checking Delete Content Type **
[INFO ] 2022-11-20 20:43:22.580 [main] TCAll_RestApi - ** Checking Delete Server **
[INFO ] 2022-11-20 20:43:22.580 [main] TCAll_RestApi - ** Checking Delete Content Length **
[INFO ] 2022-11-20 20:50:39.490 [main] TCAll_RestApi - ********** Started Test For Post Method ****************
[INFO ] 2022-11-20 20:50:50.203 [main] TCAll_RestApi - ** Checking Post Response Body **
[INFO ] 2022-11-20 20:50:50.244 [main] TCAll_RestApi - ** Checking Post Response Time **
[INFO ] 2022-11-20 20:50:50.247 [main] TCAll_RestApi - ** Checking Post Status Code **
[INFO ] 2022-11-20 20:50:50.248 [main] TCAll_RestApi - ** Checking Post Status Line **
[INFO ] 2022-11-20 20:50:50.249 [main] TCAll_RestApi - ** Checking Post Content Type **
[INFO ] 2022-11-20 20:50:50.250 [main] TCAll_RestApi - ** Checking Post Server **
[INFO ] 2022-11-20 20:50:50.251 [main] TCAll_RestApi - ** Checking Post access-control-allow-origin **
[INFO ] 2022-11-20 20:50:50.272 [main] TCAll_RestApi - ********** Started Test For Get Single Record Method ****************
[INFO ] 2022-11-20 20:50:57.015 [main] TCAll_RestApi - ** Checking Get Response Body **
[INFO ] 2022-11-20 20:50:57.018 [main] TCAll_RestApi - ** Checking Get Response Time **
[INFO ] 2022-11-20 20:50:57.020 [main] TCAll_RestApi - ** Checking Get Status Code **
[INFO ] 2022-11-20 20:50:57.021 [main] TCAll_RestApi - ** Checking Get Status Line **
[INFO ] 2022-11-20 20:50:57.023 [main] TCAll_RestApi - ** Checking Get Content Type **
[INFO ] 2022-11-20 20:50:57.024 [main] TCAll_RestApi - ** Checking Get Server **
[INFO ] 2022-11-20 20:50:57.049 [main] TCAll_RestApi - ********** Started Test For Delete Method ****************
[INFO ] 2022-11-20 20:51:03.496 [main] TCAll_RestApi - ** Checking Delete Response Body **
[INFO ] 2022-11-20 20:51:03.500 [main] TCAll_RestApi - ** Checking Delete Response Time **
[INFO ] 2022-11-20 20:51:03.501 [main] TCAll_RestApi - ** Checking Delete Status Code **
[INFO ] 2022-11-20 20:51:03.503 [main] TCAll_RestApi - ** Checking Delete Status Line **
[INFO ] 2022-11-20 20:51:03.504 [main] TCAll_RestApi - ** Checking Delete Content Type **
[INFO ] 2022-11-20 20:51:03.505 [main] TCAll_RestApi - ** Checking Delete Server **
[INFO ] 2022-11-20 20:52:20.344 [main] TCAll_RestApi - ********** Started Test For Post Method ****************
[INFO ] 2022-11-20 20:52:31.332 [main] TCAll_RestApi - ** Checking Post Response Body **
[INFO ] 2022-11-20 20:52:31.406 [main] TCAll_RestApi - ** Checking Post Response Time **
[INFO ] 2022-11-20 20:52:31.410 [main] TCAll_RestApi - ** Checking Post Status Code **
[INFO ] 2022-11-20 20:52:31.412 [main] TCAll_RestApi - ** Checking Post Status Line **
[INFO ] 2022-11-20 20:52:31.413 [main] TCAll_RestApi - ** Checking Post Content Type **
[INFO ] 2022-11-20 20:52:31.414 [main] TCAll_RestApi - ** Checking Post Server **
[INFO ] 2022-11-20 20:52:31.415 [main] TCAll_RestApi - ** Checking Post access-control-allow-origin **
[INFO ] 2022-11-20 20:52:31.442 [main] TCAll_RestApi - ********** Started Test For Get Single Record Method ****************
[INFO ] 2022-11-20 20:52:38.171 [main] TCAll_RestApi - ** Checking Get Response Body **
[INFO ] 2022-11-20 20:52:38.174 [main] TCAll_RestApi - ** Checking Get Response Time **
[INFO ] 2022-11-20 20:52:38.177 [main] TCAll_RestApi - ** Checking Get Status Code **
[INFO ] 2022-11-20 20:52:38.178 [main] TCAll_RestApi - ** Checking Get Status Line **
[INFO ] 2022-11-20 20:52:38.179 [main] TCAll_RestApi - ** Checking Get Content Type **
[INFO ] 2022-11-20 20:52:38.179 [main] TCAll_RestApi - ** Checking Get Server **
[INFO ] 2022-11-20 20:52:38.196 [main] TCAll_RestApi - ********** Started Test For Delete Method ****************
[INFO ] 2022-11-20 20:52:44.710 [main] TCAll_RestApi - ** Checking Delete Response Body **
[INFO ] 2022-11-20 20:52:44.728 [main] TCAll_RestApi - ** Checking Delete Response Time **
[INFO ] 2022-11-20 20:52:44.729 [main] TCAll_RestApi - ** Checking Delete Status Code **
[INFO ] 2022-11-20 20:52:44.730 [main] TCAll_RestApi - ** Checking Delete Status Line **
[INFO ] 2022-11-20 20:52:44.731 [main] TCAll_RestApi - ** Checking Delete Content Type **
[INFO ] 2022-11-20 20:52:44.732 [main] TCAll_RestApi - ** Checking Delete Server **
[INFO ] 2022-11-20 20:52:44.733 [main] TCAll_RestApi - ** Checking Delete Content Length **
[INFO ] 2022-11-20 20:53:10.465 [main] TCAll_RestApi - ********** Started Test For Post Method ****************
[INFO ] 2022-11-20 20:53:21.070 [main] TCAll_RestApi - ** Checking Post Response Body **
[INFO ] 2022-11-20 20:53:21.138 [main] TCAll_RestApi - ** Checking Post Response Time **
[INFO ] 2022-11-20 20:53:21.148 [main] TCAll_RestApi - ** Checking Post Status Code **
[INFO ] 2022-11-20 20:53:21.154 [main] TCAll_RestApi - ** Checking Post Status Line **
[INFO ] 2022-11-20 20:53:21.165 [main] TCAll_RestApi - ** Checking Post Content Type **
[INFO ] 2022-11-20 20:53:21.166 [main] TCAll_RestApi - ** Checking Post Server **
[INFO ] 2022-11-20 20:53:21.167 [main] TCAll_RestApi - ** Checking Post access-control-allow-origin **
[INFO ] 2022-11-20 20:53:21.196 [main] TCAll_RestApi - ********** Started Test For Get Single Record Method ****************
[INFO ] 2022-11-20 20:53:27.741 [main] TCAll_RestApi - ** Checking Get Response Body **
[INFO ] 2022-11-20 20:53:27.747 [main] TCAll_RestApi - ** Checking Get Response Time **
[INFO ] 2022-11-20 20:53:27.753 [main] TCAll_RestApi - ** Checking Get Status Code **
[INFO ] 2022-11-20 20:53:27.756 [main] TCAll_RestApi - ** Checking Get Status Line **
[INFO ] 2022-11-20 20:53:27.759 [main] TCAll_RestApi - ** Checking Get Content Type **
[INFO ] 2022-11-20 20:53:27.761 [main] TCAll_RestApi - ** Checking Get Server **
[INFO ] 2022-11-20 20:53:27.778 [main] TCAll_RestApi - ********** Started Test For Delete Method ****************
[INFO ] 2022-11-20 20:53:34.241 [main] TCAll_RestApi - ** Checking Delete Response Body **
[INFO ] 2022-11-20 20:53:34.259 [main] TCAll_RestApi - ** Checking Delete Response Time **
[INFO ] 2022-11-20 20:53:34.260 [main] TCAll_RestApi - ** Checking Delete Status Code **
[INFO ] 2022-11-20 20:53:34.261 [main] TCAll_RestApi - ** Checking Delete Status Line **
[INFO ] 2022-11-20 20:53:34.262 [main] TCAll_RestApi - ** Checking Delete Content Type **
[INFO ] 2022-11-20 20:53:34.263 [main] TCAll_RestApi - ** Checking Delete Server **
[INFO ] 2022-11-20 20:58:54.975 [main] TCAll_RestApi - ********** Started Test For Post Method ****************
[INFO ] 2022-11-20 20:59:05.939 [main] TCAll_RestApi - ** Checking Post Response Body **
[INFO ] 2022-11-20 20:59:05.997 [main] TCAll_RestApi - ** Checking Post Response Time **
[INFO ] 2022-11-20 20:59:06.003 [main] TCAll_RestApi - ** Checking Post Status Code **
[INFO ] 2022-11-20 20:59:06.007 [main] TCAll_RestApi - ** Checking Post Status Line **
[INFO ] 2022-11-20 20:59:06.008 [main] TCAll_RestApi - ** Checking Post Content Type **
[INFO ] 2022-11-20 20:59:06.009 [main] TCAll_RestApi - ** Checking Post Server **
[INFO ] 2022-11-20 20:59:06.010 [main] TCAll_RestApi - ** Checking Post access-control-allow-origin **
[INFO ] 2022-11-20 20:59:06.035 [main] TCAll_RestApi - ********** Started Test For Get Single Record Method ****************
[INFO ] 2022-11-20 20:59:12.746 [main] TCAll_RestApi - ** Checking Get Response Body **
[INFO ] 2022-11-20 20:59:12.750 [main] TCAll_RestApi - ** Checking Get Response Time **
[INFO ] 2022-11-20 20:59:12.752 [main] TCAll_RestApi - ** Checking Get Status Code **
[INFO ] 2022-11-20 20:59:12.754 [main] TCAll_RestApi - ** Checking Get Status Line **
[INFO ] 2022-11-20 20:59:12.755 [main] TCAll_RestApi - ** Checking Get Content Type **
[INFO ] 2022-11-20 20:59:12.757 [main] TCAll_RestApi - ** Checking Get Server **
[INFO ] 2022-11-20 20:59:12.774 [main] TCAll_RestApi - ********** Started Test For Delete Method ****************
[INFO ] 2022-11-20 20:59:19.236 [main] TCAll_RestApi - ** Checking Delete Response Body **
[INFO ] 2022-11-20 21:00:41.574 [main] TCAll_RestApi - ********** Started Test For Delete Method ****************
[INFO ] 2022-11-20 21:00:52.400 [main] TCAll_RestApi - ** Checking Delete Response Body **
[INFO ] 2022-11-20 21:01:49.828 [main] TCAll_RestApi - ********** Started Test For Delete Method ****************
[INFO ] 2022-11-20 21:02:00.430 [main] TCAll_RestApi - ** Checking Delete Response Body **
[INFO ] 2022-11-20 21:03:04.924 [main] TCAll_RestApi - ********** Started Test For Delete Method ****************
[INFO ] 2022-11-20 21:03:15.945 [main] TCAll_RestApi - ** Checking Delete Response Body **
[INFO ] 2022-11-20 21:03:16.027 [main] TCAll_RestApi - ** Checking Delete Response Time **
[INFO ] 2022-11-20 21:03:16.033 [main] TCAll_RestApi - ** Checking Delete Status Code **
[INFO ] 2022-11-20 21:03:16.035 [main] TCAll_RestApi - ** Checking Delete Status Line **
[INFO ] 2022-11-20 21:03:16.036 [main] TCAll_RestApi - ** Checking Delete Content Type **
[INFO ] 2022-11-20 21:03:16.040 [main] TCAll_RestApi - ** Checking Delete Server **
[INFO ] 2022-11-20 21:03:42.541 [main] TCAll_RestApi - ********** Started Test For Delete Method ****************
[INFO ] 2022-11-20 21:03:53.560 [main] TCAll_RestApi - ** Checking Delete Response Body **
[INFO ] 2022-11-20 21:04:06.687 [main] TCAll_RestApi - ********** Started Test For Delete Method ****************
[INFO ] 2022-11-20 21:04:17.488 [main] TCAll_RestApi - ** Checking Delete Response Body **
[INFO ] 2022-11-20 21:04:34.725 [main] TCAll_RestApi - ********** Started Test For Delete Method ****************
[INFO ] 2022-11-20 21:04:45.239 [main] TCAll_RestApi - ** Checking Delete Response Body **
[INFO ] 2022-11-20 21:06:11.547 [main] TCAll_RestApi - ********** Started Test For Post Method ****************
[INFO ] 2022-11-20 21:06:22.368 [main] TCAll_RestApi - ** Checking Post Response Body **
[INFO ] 2022-11-20 21:06:22.488 [main] TCAll_RestApi - ** Checking Post Response Time **
[INFO ] 2022-11-20 21:06:22.491 [main] TCAll_RestApi - ** Checking Post Status Code **
[INFO ] 2022-11-20 21:06:22.492 [main] TCAll_RestApi - ** Checking Post Status Line **
[INFO ] 2022-11-20 21:06:22.492 [main] TCAll_RestApi - ** Checking Post Content Type **
[INFO ] 2022-11-20 21:06:22.492 [main] TCAll_RestApi - ** Checking Post Server **
[INFO ] 2022-11-20 21:06:22.494 [main] TCAll_RestApi - ** Checking Post access-control-allow-origin **
[INFO ] 2022-11-20 21:06:22.523 [main] TCAll_RestApi - ********** Started Test For Get Single Record Method ****************
[INFO ] 2022-11-20 21:06:29.119 [main] TCAll_RestApi - ** Checking Get Response Body **
[INFO ] 2022-11-20 21:06:29.126 [main] TCAll_RestApi - ** Checking Get Response Time **
[INFO ] 2022-11-20 21:06:29.132 [main] TCAll_RestApi - ** Checking Get Status Code **
[INFO ] 2022-11-20 21:06:29.134 [main] TCAll_RestApi - ** Checking Get Status Line **
[INFO ] 2022-11-20 21:06:29.135 [main] TCAll_RestApi - ** Checking Get Content Type **
[INFO ] 2022-11-20 21:06:29.136 [main] TCAll_RestApi - ** Checking Get Server **
[INFO ] 2022-11-20 21:06:29.159 [main] TCAll_RestApi - ********** Started Test For Delete Method ****************
[INFO ] 2022-11-20 21:06:35.666 [main] TCAll_RestApi - ** Checking Delete Response Body **
[INFO ] 2022-11-20 21:06:35.683 [main] TCAll_RestApi - ** Checking Delete Response Time **
[INFO ] 2022-11-20 21:06:35.684 [main] TCAll_RestApi - ** Checking Delete Status Code **
[INFO ] 2022-11-20 21:06:35.685 [main] TCAll_RestApi - ** Checking Delete Status Line **
[INFO ] 2022-11-20 21:06:35.686 [main] TCAll_RestApi - ** Checking Delete Content Type **
[INFO ] 2022-11-20 21:06:35.686 [main] TCAll_RestApi - ** Checking Delete Server **
[INFO ] 2022-11-20 21:08:42.803 [main] TCAll_RestApi - ********** Started Test For Post Method ****************
[INFO ] 2022-11-20 21:08:53.359 [main] TCAll_RestApi - ** Checking Post Response Body **
[INFO ] 2022-11-20 21:08:53.426 [main] TCAll_RestApi - ** Checking Post Response Time **
[INFO ] 2022-11-20 21:08:53.432 [main] TCAll_RestApi - ** Checking Post Status Code **
[INFO ] 2022-11-20 21:08:53.437 [main] TCAll_RestApi - ** Checking Post Status Line **
[INFO ] 2022-11-20 21:08:53.438 [main] TCAll_RestApi - ** Checking Post Content Type **
[INFO ] 2022-11-20 21:08:53.439 [main] TCAll_RestApi - ** Checking Post Server **
[INFO ] 2022-11-20 21:08:53.440 [main] TCAll_RestApi - ** Checking Post access-control-allow-origin **
[INFO ] 2022-11-20 21:08:53.472 [main] TCAll_RestApi - ********** Started Test For Get Single Record Method ****************
[INFO ] 2022-11-20 21:09:00.150 [main] TCAll_RestApi - ** Checking Get Response Body **
[INFO ] 2022-11-20 21:09:00.154 [main] TCAll_RestApi - ** Checking Get Response Time **
[INFO ] 2022-11-20 21:09:00.155 [main] TCAll_RestApi - ** Checking Get Status Code **
[INFO ] 2022-11-20 21:09:00.157 [main] TCAll_RestApi - ** Checking Get Status Line **
[INFO ] 2022-11-20 21:09:00.160 [main] TCAll_RestApi - ** Checking Get Content Type **
[INFO ] 2022-11-20 21:09:00.161 [main] TCAll_RestApi - ** Checking Get Server **
[INFO ] 2022-11-20 21:09:00.177 [main] TCAll_RestApi - ********** Started Test For Delete Method ****************
[INFO ] 2022-11-20 21:09:06.737 [main] TCAll_RestApi - ** Checking Delete Response Body **
[INFO ] 2022-11-20 21:09:06.754 [main] TCAll_RestApi - ** Checking Delete Response Time **
[INFO ] 2022-11-20 21:09:06.755 [main] TCAll_RestApi - ** Checking Delete Status Code **
[INFO ] 2022-11-20 21:09:06.756 [main] TCAll_RestApi - ** Checking Delete Status Line **
[INFO ] 2022-11-20 21:09:06.756 [main] TCAll_RestApi - ** Checking Delete Content Type **
[INFO ] 2022-11-20 21:09:06.757 [main] TCAll_RestApi - ** Checking Delete Server **
[INFO ] 2022-11-20 21:31:54.771 [main] TCAll_RestApi - ********** Started Test For GET Method ****************
[INFO ] 2022-11-20 21:32:11.672 [main] TCAll_RestApi - ** Checking Get Response Body **
[INFO ] 2022-11-20 21:32:11.763 [main] TCAll_RestApi - ** Checking Get Response Time **
[INFO ] 2022-11-20 21:32:44.218 [main] TCAll_RestApi - ********** Started Test For GET Method ****************
[INFO ] 2022-11-20 21:32:56.809 [main] TCAll_RestApi - ** Checking Get Response Body **
[INFO ] 2022-11-20 21:32:56.897 [main] TCAll_RestApi - ** Checking Get Response Time **
[INFO ] 2022-11-20 21:32:56.904 [main] TCAll_RestApi - ** Checking Get Status Code **
[INFO ] 2022-11-20 21:32:56.906 [main] TCAll_RestApi - ** Checking Get Status Line **
[INFO ] 2022-11-20 21:32:56.906 [main] TCAll_RestApi - ** Checking Get Content Type **
[INFO ] 2022-11-20 21:32:56.908 [main] TCAll_RestApi - ** Checking Get Server **
[INFO ] 2022-11-20 21:46:34.422 [main] TCAll_RestApi - ********** Started Test For Post Method ****************
[INFO ] 2022-11-20 21:46:46.300 [main] TCAll_RestApi - ** Checking Post Response Body **
[INFO ] 2022-11-20 21:47:21.337 [main] TCAll_RestApi - ********** Started Test For Post Method ****************
[INFO ] 2022-11-20 21:47:32.925 [main] TCAll_RestApi - ** Checking Post Response Body **
[INFO ] 2022-11-20 21:47:32.987 [main] TCAll_RestApi - ** Checking Post Response Time **
[INFO ] 2022-11-20 21:47:32.991 [main] TCAll_RestApi - ** Checking Post Status Code **
[INFO ] 2022-11-20 21:47:32.992 [main] TCAll_RestApi - ** Checking Post Status Line **
[INFO ] 2022-11-20 21:47:32.992 [main] TCAll_RestApi - ** Checking Post Content Type **
[INFO ] 2022-11-20 21:47:32.993 [main] TCAll_RestApi - ** Checking Post Server **
[INFO ] 2022-11-20 21:47:32.994 [main] TCAll_RestApi - ** Checking Post access-control-allow-origin **
[INFO ] 2022-11-20 21:47:54.415 [main] TCAll_RestApi - ********** Started Test For Post Method ****************
[INFO ] 2022-11-20 21:48:05.956 [main] TCAll_RestApi - ** Checking Post Response Body **
[INFO ] 2022-11-20 21:48:06.031 [main] TCAll_RestApi - ** Checking Post Response Time **
[INFO ] 2022-11-20 21:48:06.035 [main] TCAll_RestApi - ** Checking Post Status Code **
[INFO ] 2022-11-20 21:48:06.036 [main] TCAll_RestApi - ** Checking Post Status Line **
[INFO ] 2022-11-20 21:48:06.036 [main] TCAll_RestApi - ** Checking Post Content Type **
[INFO ] 2022-11-20 21:48:06.037 [main] TCAll_RestApi - ** Checking Post Server **
[INFO ] 2022-11-20 21:48:06.038 [main] TCAll_RestApi - ** Checking Post access-control-allow-origin **
[INFO ] 2022-11-20 21:48:21.824 [main] TCAll_RestApi - ********** Started Test For Post Method ****************
[INFO ] 2022-11-20 21:48:32.776 [main] TCAll_RestApi - ** Checking Post Response Body **
[INFO ] 2022-11-20 21:48:32.811 [main] TCAll_RestApi - ** Checking Post Response Time **
[INFO ] 2022-11-20 21:48:32.815 [main] TCAll_RestApi - ** Checking Post Status Code **
[INFO ] 2022-11-20 21:48:32.816 [main] TCAll_RestApi - ** Checking Post Status Line **
[INFO ] 2022-11-20 21:48:32.816 [main] TCAll_RestApi - ** Checking Post Content Type **
[INFO ] 2022-11-20 21:48:32.817 [main] TCAll_RestApi - ** Checking Post Server **
[INFO ] 2022-11-20 21:48:32.818 [main] TCAll_RestApi - ** Checking Post access-control-allow-origin **
[INFO ] 2022-11-20 21:49:02.777 [main] TCAll_RestApi - ********** Started Test For Post Method ****************
[INFO ] 2022-11-20 21:49:13.825 [main] TCAll_RestApi - ** Checking Post Response Body **
[INFO ] 2022-11-20 21:49:13.923 [main] TCAll_RestApi - ** Checking Post Response Time **
[INFO ] 2022-11-20 21:49:13.927 [main] TCAll_RestApi - ** Checking Post Status Code **
[INFO ] 2022-11-20 21:49:13.929 [main] TCAll_RestApi - ** Checking Post Status Line **
[INFO ] 2022-11-20 21:49:13.930 [main] TCAll_RestApi - ** Checking Post Content Type **
[INFO ] 2022-11-20 21:49:13.931 [main] TCAll_RestApi - ** Checking Post Server **
[INFO ] 2022-11-20 21:49:13.933 [main] TCAll_RestApi - ** Checking Post access-control-allow-origin **
[INFO ] 2022-11-20 21:49:56.256 [main] TCAll_RestApi - ********** Started Test For Post Method ****************
[INFO ] 2022-11-20 21:50:06.615 [main] TCAll_RestApi - ** Checking Post Response Body **
[INFO ] 2022-11-20 21:50:06.673 [main] TCAll_RestApi - ** Checking Post Response Time **
[INFO ] 2022-11-20 21:50:06.678 [main] TCAll_RestApi - ** Checking Post Status Code **
[INFO ] 2022-11-20 21:50:06.680 [main] TCAll_RestApi - ** Checking Post Status Line **
[INFO ] 2022-11-20 21:50:06.681 [main] TCAll_RestApi - ** Checking Post Content Type **
[INFO ] 2022-11-20 21:50:06.682 [main] TCAll_RestApi - ** Checking Post Server **
[INFO ] 2022-11-20 21:50:06.684 [main] TCAll_RestApi - ** Checking Post access-control-allow-origin **
[INFO ] 2022-11-20 21:53:32.000 [main] TCAll_RestApi - ********** Started Test For Get Single Record Method ****************
[INFO ] 2022-11-20 21:53:42.508 [main] TCAll_RestApi - ** Checking Get Response Body **
[INFO ] 2022-11-20 21:53:42.583 [main] TCAll_RestApi - ** Checking Get Response Time **
[INFO ] 2022-11-20 21:53:42.588 [main] TCAll_RestApi - ** Checking Get Status Code **
[INFO ] 2022-11-20 21:53:42.589 [main] TCAll_RestApi - ** Checking Get Status Line **
[INFO ] 2022-11-20 21:53:42.589 [main] TCAll_RestApi - ** Checking Get Content Type **
[INFO ] 2022-11-20 21:53:42.590 [main] TCAll_RestApi - ** Checking Get Server **
[INFO ] 2022-11-20 22:00:49.955 [main] TCAll_RestApi - ********** Started Test For Put Method ****************
[INFO ] 2022-11-20 22:01:00.559 [main] TCAll_RestApi - ** Checking Put Response Body **
[INFO ] 2022-11-20 22:01:00.631 [main] TCAll_RestApi - ** Checking Put Response Time **
[INFO ] 2022-11-20 22:01:00.635 [main] TCAll_RestApi - ** Checking Put Status Code **
[INFO ] 2022-11-20 22:01:00.636 [main] TCAll_RestApi - ** Checking Put Status Line **
[INFO ] 2022-11-20 22:01:00.638 [main] TCAll_RestApi - ** Checking Put Content Type **
[INFO ] 2022-11-20 22:01:00.639 [main] TCAll_RestApi - ** Checking Put Server **
[INFO ] 2022-11-20 22:04:59.943 [main] TCAll_RestApi - ********** Started Test For Put Method ****************
[INFO ] 2022-11-20 22:05:13.699 [main] TCAll_RestApi - ** Checking Put Response Body **
[INFO ] 2022-11-20 22:05:13.754 [main] TCAll_RestApi - ** Checking Put Response Time **
[INFO ] 2022-11-20 22:05:13.758 [main] TCAll_RestApi - ** Checking Put Status Code **
[INFO ] 2022-11-20 22:05:13.759 [main] TCAll_RestApi - ** Checking Put Status Line **
[INFO ] 2022-11-20 22:05:13.760 [main] TCAll_RestApi - ** Checking Put Content Type **
[INFO ] 2022-11-20 22:05:13.760 [main] TCAll_RestApi - ** Checking Put Server **
[INFO ] 2022-11-20 22:06:00.000 [main] TCAll_RestApi - ********** Started Test For Put Method ****************
[INFO ] 2022-11-20 22:06:12.839 [main] TCAll_RestApi - ** Checking Put Response Body **
[INFO ] 2022-11-20 22:06:12.916 [main] TCAll_RestApi - ** Checking Put Response Time **
[INFO ] 2022-11-20 22:06:12.925 [main] TCAll_RestApi - ** Checking Put Status Code **
[INFO ] 2022-11-20 22:06:12.930 [main] TCAll_RestApi - ** Checking Put Status Line **
[INFO ] 2022-11-20 22:06:12.934 [main] TCAll_RestApi - ** Checking Put Content Type **
[INFO ] 2022-11-20 22:06:12.936 [main] TCAll_RestApi - ** Checking Put Server **
[INFO ] 2022-11-20 22:08:23.942 [main] TCAll_RestApi - ********** Started Test For Delete Method ****************
[INFO ] 2022-11-20 22:08:34.471 [main] TCAll_RestApi - ** Checking Delete Response Body **
[INFO ] 2022-11-20 22:08:34.543 [main] TCAll_RestApi - ** Checking Delete Response Time **
[INFO ] 2022-11-20 22:08:34.550 [main] TCAll_RestApi - ** Checking Delete Status Code **
[INFO ] 2022-11-20 22:08:34.552 [main] TCAll_RestApi - ** Checking Delete Status Line **
[INFO ] 2022-11-20 22:08:34.553 [main] TCAll_RestApi - ** Checking Delete Content Type **
[INFO ] 2022-11-20 22:08:34.554 [main] TCAll_RestApi - ** Checking Delete Server **
[INFO ] 2022-11-20 22:09:52.011 [main] TCAll_RestApi - ********** Started Test For GET Method ****************
[INFO ] 2022-11-20 22:10:02.744 [main] TCAll_RestApi - ** Checking Get Response Body **
[INFO ] 2022-11-20 22:10:02.848 [main] TCAll_RestApi - ** Checking Get Response Time **
[INFO ] 2022-11-20 22:10:02.856 [main] TCAll_RestApi - ** Checking Get Status Code **
[INFO ] 2022-11-20 22:10:02.856 [main] TCAll_RestApi - ** Checking Get Status Line **
[INFO ] 2022-11-20 22:10:02.857 [main] TCAll_RestApi - ** Checking Get Content Type **
[INFO ] 2022-11-20 22:10:02.859 [main] TCAll_RestApi - ** Checking Get Server **
[INFO ] 2022-11-20 22:10:02.892 [main] TCAll_RestApi - ********** Started Test For Post Method ****************
[INFO ] 2022-11-20 22:10:09.676 [main] TCAll_RestApi - ** Checking Post Response Body **
[INFO ] 2022-11-20 22:10:09.684 [main] TCAll_RestApi - ** Checking Post Response Time **
[INFO ] 2022-11-20 22:10:09.685 [main] TCAll_RestApi - ** Checking Post Status Code **
[INFO ] 2022-11-20 22:10:09.689 [main] TCAll_RestApi - ** Checking Post Status Line **
[INFO ] 2022-11-20 22:10:09.691 [main] TCAll_RestApi - ** Checking Post Content Type **
[INFO ] 2022-11-20 22:10:09.692 [main] TCAll_RestApi - ** Checking Post Server **
[INFO ] 2022-11-20 22:10:09.694 [main] TCAll_RestApi - ** Checking Post access-control-allow-origin **
[INFO ] 2022-11-20 22:10:09.724 [main] TCAll_RestApi - ********** Started Test For Get Single Record Method ****************
[INFO ] 2022-11-20 22:10:16.392 [main] TCAll_RestApi - ** Checking Get Response Body **
[INFO ] 2022-11-20 22:10:16.408 [main] TCAll_RestApi - ** Checking Get Response Time **
[INFO ] 2022-11-20 22:10:16.408 [main] TCAll_RestApi - ** Checking Get Status Code **
[INFO ] 2022-11-20 22:10:16.409 [main] TCAll_RestApi - ** Checking Get Status Line **
[INFO ] 2022-11-20 22:10:16.410 [main] TCAll_RestApi - ** Checking Get Content Type **
[INFO ] 2022-11-20 22:10:16.411 [main] TCAll_RestApi - ** Checking Get Server **
[INFO ] 2022-11-20 22:10:16.434 [main] TCAll_RestApi - ********** Started Test For Put Method ****************
[INFO ] 2022-11-20 22:10:23.056 [main] TCAll_RestApi - ** Checking Put Response Body **
[INFO ] 2022-11-20 22:10:23.064 [main] TCAll_RestApi - ** Checking Put Response Time **
[INFO ] 2022-11-20 22:10:23.065 [main] TCAll_RestApi - ** Checking Put Status Code **
[INFO ] 2022-11-20 22:10:23.068 [main] TCAll_RestApi - ** Checking Put Status Line **
[INFO ] 2022-11-20 22:10:23.072 [main] TCAll_RestApi - ** Checking Put Content Type **
[INFO ] 2022-11-20 22:10:23.073 [main] TCAll_RestApi - ** Checking Put Server **
[INFO ] 2022-11-20 22:10:23.090 [main] TCAll_RestApi - ********** Started Test For Delete Method ****************
[INFO ] 2022-11-20 22:10:29.721 [main] TCAll_RestApi - ** Checking Delete Response Body **
[INFO ] 2022-11-20 22:10:29.737 [main] TCAll_RestApi - ** Checking Delete Response Time **
[INFO ] 2022-11-20 22:10:29.739 [main] TCAll_RestApi - ** Checking Delete Status Code **
[INFO ] 2022-11-20 22:10:29.739 [main] TCAll_RestApi - ** Checking Delete Status Line **
[INFO ] 2022-11-20 22:10:29.745 [main] TCAll_RestApi - ** Checking Delete Content Type **
[INFO ] 2022-11-20 22:10:29.748 [main] TCAll_RestApi - ** Checking Delete Server **
[INFO ] 2022-11-20 22:13:22.392 [main] TCAll_RestApi - ********** Started Test For GET Method ****************
[INFO ] 2022-11-20 22:13:33.192 [main] TCAll_RestApi - ** Checking Get Response Body **
[INFO ] 2022-11-20 22:13:33.324 [main] TCAll_RestApi - ** Checking Get Response Time **
[INFO ] 2022-11-20 22:13:33.360 [main] TCAll_RestApi - ** Checking Get Status Code **
[INFO ] 2022-11-20 22:13:33.367 [main] TCAll_RestApi - ** Checking Get Status Line **
[INFO ] 2022-11-20 22:13:33.374 [main] TCAll_RestApi - ** Checking Get Content Type **
[INFO ] 2022-11-20 22:13:33.382 [main] TCAll_RestApi - ** Checking Get Server **
[INFO ] 2022-11-20 22:13:33.424 [main] TCAll_RestApi - ********** Started Test For Post Method ****************
[INFO ] 2022-11-20 22:13:40.206 [main] TCAll_RestApi - ** Checking Post Response Body **
[INFO ] 2022-11-20 22:13:40.382 [main] TCAll_RestApi - ********** Started Test For Get Single Record Method ****************
[INFO ] 2022-11-20 22:13:46.905 [main] TCAll_RestApi - ** Checking Get Response Body **
[INFO ] 2022-11-20 22:13:46.919 [main] TCAll_RestApi - ** Checking Get Response Time **
[INFO ] 2022-11-20 22:13:46.921 [main] TCAll_RestApi - ** Checking Get Status Code **
[INFO ] 2022-11-20 22:13:46.922 [main] TCAll_RestApi - ** Checking Get Status Line **
[INFO ] 2022-11-20 22:13:46.923 [main] TCAll_RestApi - ** Checking Get Content Type **
[INFO ] 2022-11-20 22:13:46.923 [main] TCAll_RestApi - ** Checking Get Server **
[INFO ] 2022-11-20 22:13:46.950 [main] TCAll_RestApi - ********** Started Test For Put Method ****************
[INFO ] 2022-11-20 22:13:53.489 [main] TCAll_RestApi - ** Checking Put Response Body **
[INFO ] 2022-11-20 22:13:53.506 [main] TCAll_RestApi - ** Checking Put Response Time **
[INFO ] 2022-11-20 22:13:53.510 [main] TCAll_RestApi - ** Checking Put Status Code **
[INFO ] 2022-11-20 22:13:53.511 [main] TCAll_RestApi - ** Checking Put Status Line **
[INFO ] 2022-11-20 22:13:53.511 [main] TCAll_RestApi - ** Checking Put Content Type **
[INFO ] 2022-11-20 22:13:53.512 [main] TCAll_RestApi - ** Checking Put Server **
[INFO ] 2022-11-20 22:13:53.540 [main] TCAll_RestApi - ********** Started Test For Delete Method ****************
[INFO ] 2022-11-20 22:14:00.132 [main] TCAll_RestApi - ** Checking Delete Response Body **
[INFO ] 2022-11-20 22:14:23.022 [main] TCAll_RestApi - ********** Started Test For GET Method ****************
[INFO ] 2022-11-20 22:14:33.426 [main] TCAll_RestApi - ** Checking Get Response Body **
[INFO ] 2022-11-20 22:14:33.497 [main] TCAll_RestApi - ** Checking Get Response Time **
[INFO ] 2022-11-20 22:14:33.503 [main] TCAll_RestApi - ** Checking Get Status Code **
[INFO ] 2022-11-20 22:14:33.504 [main] TCAll_RestApi - ** Checking Get Status Line **
[INFO ] 2022-11-20 22:14:33.505 [main] TCAll_RestApi - ** Checking Get Content Type **
[INFO ] 2022-11-20 22:14:33.506 [main] TCAll_RestApi - ** Checking Get Server **
[INFO ] 2022-11-20 22:14:33.533 [main] TCAll_RestApi - ********** Started Test For Post Method ****************
[INFO ] 2022-11-20 22:14:40.330 [main] TCAll_RestApi - ** Checking Post Response Body **
[INFO ] 2022-11-20 22:14:40.439 [main] TCAll_RestApi - ********** Started Test For Get Single Record Method ****************
[INFO ] 2022-11-20 22:14:47.082 [main] TCAll_RestApi - ** Checking Get Response Body **
[INFO ] 2022-11-20 22:14:47.096 [main] TCAll_RestApi - ** Checking Get Response Time **
[INFO ] 2022-11-20 22:14:47.097 [main] TCAll_RestApi - ** Checking Get Status Code **
[INFO ] 2022-11-20 22:14:47.105 [main] TCAll_RestApi - ** Checking Get Status Line **
[INFO ] 2022-11-20 22:14:47.106 [main] TCAll_RestApi - ** Checking Get Content Type **
[INFO ] 2022-11-20 22:14:47.107 [main] TCAll_RestApi - ** Checking Get Server **
[INFO ] 2022-11-20 22:14:47.147 [main] TCAll_RestApi - ********** Started Test For Put Method ****************
[INFO ] 2022-11-20 22:14:53.812 [main] TCAll_RestApi - ** Checking Put Response Body **
[INFO ] 2022-11-20 22:14:53.827 [main] TCAll_RestApi - ** Checking Put Response Time **
[INFO ] 2022-11-20 22:14:53.828 [main] TCAll_RestApi - ** Checking Put Status Code **
[INFO ] 2022-11-20 22:14:53.830 [main] TCAll_RestApi - ** Checking Put Status Line **
[INFO ] 2022-11-20 22:14:53.831 [main] TCAll_RestApi - ** Checking Put Content Type **
[INFO ] 2022-11-20 22:14:53.833 [main] TCAll_RestApi - ** Checking Put Server **
[INFO ] 2022-11-20 22:14:53.855 [main] TCAll_RestApi - ********** Started Test For Delete Method ****************
[INFO ] 2022-11-20 22:15:00.470 [main] TCAll_RestApi - ** Checking Delete Response Body **
[INFO ] 2022-11-20 22:15:45.392 [main] TCAll_RestApi - ********** Started Test For GET Method ****************
[INFO ] 2022-11-20 22:15:56.211 [main] TCAll_RestApi - ** Checking Get Response Body **
[INFO ] 2022-11-20 22:15:56.303 [main] TCAll_RestApi - ** Checking Get Response Time **
[INFO ] 2022-11-20 22:15:56.307 [main] TCAll_RestApi - ** Checking Get Status Code **
[INFO ] 2022-11-20 22:15:56.309 [main] TCAll_RestApi - ** Checking Get Status Line **
[INFO ] 2022-11-20 22:15:56.310 [main] TCAll_RestApi - ** Checking Get Content Type **
[INFO ] 2022-11-20 22:15:56.312 [main] TCAll_RestApi - ** Checking Get Server **
[INFO ] 2022-11-20 22:15:56.342 [main] TCAll_RestApi - ********** Started Test For Post Method ****************
[INFO ] 2022-11-20 22:16:03.008 [main] TCAll_RestApi - ** Checking Post Response Body **
[INFO ] 2022-11-20 22:16:03.019 [main] TCAll_RestApi - ** Checking Post Response Time **
[INFO ] 2022-11-20 22:16:03.020 [main] TCAll_RestApi - ** Checking Post Status Code **
[INFO ] 2022-11-20 22:16:03.024 [main] TCAll_RestApi - ** Checking Post Status Line **
[INFO ] 2022-11-20 22:16:03.028 [main] TCAll_RestApi - ** Checking Post Content Type **
[INFO ] 2022-11-20 22:16:03.029 [main] TCAll_RestApi - ** Checking Post Server **
[INFO ] 2022-11-20 22:16:03.031 [main] TCAll_RestApi - ** Checking Post access-control-allow-origin **
[INFO ] 2022-11-20 22:16:03.060 [main] TCAll_RestApi - ********** Started Test For Get Single Record Method ****************
[INFO ] 2022-11-20 22:16:09.829 [main] TCAll_RestApi - ** Checking Get Response Body **
[INFO ] 2022-11-20 22:16:09.844 [main] TCAll_RestApi - ** Checking Get Response Time **
[INFO ] 2022-11-20 22:16:09.845 [main] TCAll_RestApi - ** Checking Get Status Code **
[INFO ] 2022-11-20 22:16:09.845 [main] TCAll_RestApi - ** Checking Get Status Line **
[INFO ] 2022-11-20 22:16:09.846 [main] TCAll_RestApi - ** Checking Get Content Type **
[INFO ] 2022-11-20 22:16:09.848 [main] TCAll_RestApi - ** Checking Get Server **
[INFO ] 2022-11-20 22:16:09.880 [main] TCAll_RestApi - ********** Started Test For Put Method ****************
[INFO ] 2022-11-20 22:16:16.564 [main] TCAll_RestApi - ** Checking Put Response Body **
[INFO ] 2022-11-20 22:16:16.577 [main] TCAll_RestApi - ** Checking Put Response Time **
[INFO ] 2022-11-20 22:16:16.578 [main] TCAll_RestApi - ** Checking Put Status Code **
[INFO ] 2022-11-20 22:16:16.582 [main] TCAll_RestApi - ** Checking Put Status Line **
[INFO ] 2022-11-20 22:16:16.585 [main] TCAll_RestApi - ** Checking Put Content Type **
[INFO ] 2022-11-20 22:16:16.585 [main] TCAll_RestApi - ** Checking Put Server **
[INFO ] 2022-11-20 22:16:16.611 [main] TCAll_RestApi - ********** Started Test For Delete Method ****************
[INFO ] 2022-11-20 22:16:23.327 [main] TCAll_RestApi - ** Checking Delete Response Body **
[INFO ] 2022-11-20 22:17:57.615 [main] TCAll_RestApi - ********** Started Test For GET Method ****************
[INFO ] 2022-11-20 22:18:08.452 [main] TCAll_RestApi - ** Checking Get Response Body **
[INFO ] 2022-11-20 22:18:08.575 [main] TCAll_RestApi - ** Checking Get Response Time **
[INFO ] 2022-11-20 22:18:08.588 [main] TCAll_RestApi - ** Checking Get Status Code **
[INFO ] 2022-11-20 22:18:08.595 [main] TCAll_RestApi - ** Checking Get Status Line **
[INFO ] 2022-11-20 22:18:08.601 [main] TCAll_RestApi - ** Checking Get Content Type **
[INFO ] 2022-11-20 22:18:08.610 [main] TCAll_RestApi - ** Checking Get Server **
[INFO ] 2022-11-20 22:18:08.649 [main] TCAll_RestApi - ********** Started Test For Post Method ****************
[INFO ] 2022-11-20 22:18:15.386 [main] TCAll_RestApi - ** Checking Post Response Body **
[INFO ] 2022-11-20 22:18:15.400 [main] TCAll_RestApi - ** Checking Post Response Time **
[INFO ] 2022-11-20 22:18:15.401 [main] TCAll_RestApi - ** Checking Post Status Code **
[INFO ] 2022-11-20 22:18:15.403 [main] TCAll_RestApi - ** Checking Post Status Line **
[INFO ] 2022-11-20 22:18:15.405 [main] TCAll_RestApi - ** Checking Post Content Type **
[INFO ] 2022-11-20 22:18:15.409 [main] TCAll_RestApi - ** Checking Post Server **
[INFO ] 2022-11-20 22:18:15.410 [main] TCAll_RestApi - ** Checking Post access-control-allow-origin **
[INFO ] 2022-11-20 22:18:15.436 [main] TCAll_RestApi - ********** Started Test For Get Single Record Method ****************
[INFO ] 2022-11-20 22:18:21.970 [main] TCAll_RestApi - ** Checking Get Response Body **
[INFO ] 2022-11-20 22:18:21.984 [main] TCAll_RestApi - ** Checking Get Response Time **
[INFO ] 2022-11-20 22:18:21.985 [main] TCAll_RestApi - ** Checking Get Status Code **
[INFO ] 2022-11-20 22:18:21.986 [main] TCAll_RestApi - ** Checking Get Status Line **
[INFO ] 2022-11-20 22:18:21.988 [main] TCAll_RestApi - ** Checking Get Content Type **
[INFO ] 2022-11-20 22:18:21.988 [main] TCAll_RestApi - ** Checking Get Server **
[INFO ] 2022-11-20 22:18:22.019 [main] TCAll_RestApi - ********** Started Test For Put Method ****************
[INFO ] 2022-11-20 22:18:28.501 [main] TCAll_RestApi - ** Checking Put Response Body **
[INFO ] 2022-11-20 22:18:28.510 [main] TCAll_RestApi - ** Checking Put Response Time **
[INFO ] 2022-11-20 22:18:28.512 [main] TCAll_RestApi - ** Checking Put Status Code **
[INFO ] 2022-11-20 22:18:28.513 [main] TCAll_RestApi - ** Checking Put Status Line **
[INFO ] 2022-11-20 22:18:28.514 [main] TCAll_RestApi - ** Checking Put Content Type **
[INFO ] 2022-11-20 22:18:28.515 [main] TCAll_RestApi - ** Checking Put Server **
[INFO ] 2022-11-20 22:18:28.541 [main] TCAll_RestApi - ********** Started Test For Delete Method ****************
[INFO ] 2022-11-20 22:18:35.080 [main] TCAll_RestApi - ** Checking Delete Response Body **
[INFO ] 2022-11-20 22:18:35.096 [main] TCAll_RestApi - ** Checking Delete Response Time **
[INFO ] 2022-11-20 22:18:35.098 [main] TCAll_RestApi - ** Checking Delete Status Code **
[INFO ] 2022-11-20 22:18:35.100 [main] TCAll_RestApi - ** Checking Delete Status Line **
[INFO ] 2022-11-20 22:18:35.106 [main] TCAll_RestApi - ** Checking Delete Content Type **
[INFO ] 2022-11-20 22:18:35.109 [main] TCAll_RestApi - ** Checking Delete Server **
